<?xml version="1.0" encoding="UTF-8"?>
<!-- Generated by org.testng.reporters.JUnitReportReporter -->
<testsuite skipped="0" hostname="Spicity825" name="demo.TestNG_Dependency_Demo" tests="2" failures="0" timestamp="12 Apr 2019 07:37:33 GMT" time="0.014" errors="0">
  <testcase name="test2" time="0.011" classname="demo.TestNG_Dependency_Demo"/>
  <testcase name="test1" time="0.003" classname="demo.TestNG_Dependency_Demo"/>
</testsuite> <!-- demo.TestNG_Dependency_Demo -->
