<?xml version="1.0" encoding="UTF-8"?>
<!-- Generated by org.testng.reporters.JUnitReportReporter -->
<testsuite skipped="0" hostname="Spicity825" name="testNG_demo.TestNG_Dependency_Demo" tests="3" failures="0" timestamp="12 Apr 2019 07:40:44 GMT" time="0.019" errors="0">
  <testcase name="test2" time="0.014" classname="testNG_demo.TestNG_Dependency_Demo"/>
  <testcase name="test3" time="0.001" classname="testNG_demo.TestNG_Dependency_Demo"/>
  <testcase name="test1" time="0.004" classname="testNG_demo.TestNG_Dependency_Demo"/>
</testsuite> <!-- testNG_demo.TestNG_Dependency_Demo -->
