<?xml version="1.0" encoding="UTF-8"?>
<!-- Generated by org.testng.reporters.JUnitReportReporter -->
<testsuite skipped="0" hostname="Spicity825" name="testRunner.Test_GoogleSearch" tests="1" failures="0" timestamp="09 Apr 2019 11:29:49 GMT" time="3.528" errors="0">
  <testcase name="Google_Search" time="3.528" classname="testRunner.Test_GoogleSearch"/>
</testsuite> <!-- testRunner.Test_GoogleSearch -->
