<?xml version="1.0" encoding="UTF-8"?>
<!-- Generated by org.testng.reporters.JUnitReportReporter -->
<testsuite skipped="0" hostname="Spicity825" name="testRunner.TestNG_Demo" tests="1" failures="0" timestamp="10 Apr 2019 10:25:44 GMT" time="4.564" errors="0">
  <testcase name="Google_Search" time="4.564" classname="testRunner.TestNG_Demo"/>
</testsuite> <!-- testRunner.TestNG_Demo -->
