<?xml version="1.0" encoding="UTF-8"?>
<!-- Generated by org.testng.reporters.JUnitReportReporter -->
<testsuite skipped="0" hostname="Spicity825" name="listeners.TestNG_Priority_Demo" tests="3" failures="0" timestamp="11 Apr 2019 10:19:21 GMT" time="0.011" errors="0">
  <testcase name="test2" time="0.009" classname="listeners.TestNG_Priority_Demo"/>
  <testcase name="test3" time="0.001" classname="listeners.TestNG_Priority_Demo"/>
  <testcase name="test1" time="0.001" classname="listeners.TestNG_Priority_Demo"/>
</testsuite> <!-- listeners.TestNG_Priority_Demo -->
