<?xml version="1.0" encoding="UTF-8"?>
<!-- Generated by org.testng.reporters.JUnitReportReporter -->
<testsuite skipped="1" hostname="Spicity825" name="listeners.TestNGListenerDemo1" tests="3" failures="0" timestamp="11 Apr 2019 10:11:37 GMT" time="0.002" errors="0">
  <testcase name="test4" time="0.001" classname="listeners.TestNGListenerDemo1"/>
  <testcase name="test5" time="0.000" classname="listeners.TestNGListenerDemo1"/>
  <testcase name="test6" time="0.001" classname="listeners.TestNGListenerDemo1">
    <skipped/>
  </testcase> <!-- test6 -->
</testsuite> <!-- listeners.TestNGListenerDemo1 -->
