<?xml version="1.0" encoding="UTF-8"?>
<!-- Generated by org.testng.reporters.JUnitReportReporter -->
<testsuite skipped="0" hostname="Spicity825" name="demo.TestNG_Groups_Demo" tests="1" failures="0" timestamp="11 Apr 2019 13:00:17 GMT" time="0.012" errors="0">
  <testcase name="test2" time="0.012" classname="demo.TestNG_Groups_Demo"/>
</testsuite> <!-- demo.TestNG_Groups_Demo -->
