<?xml version="1.0" encoding="UTF-8"?>
<!-- Generated by org.testng.reporters.JUnitReportReporter -->
<testsuite skipped="0" hostname="Spicity825" name="testRunner.TestNG_Demo2" tests="2" failures="0" timestamp="10 Apr 2019 07:17:42 GMT" time="7.556" errors="0">
  <testcase name="Google_Search2" time="5.411" classname="testRunner.TestNG_Demo2"/>
  <testcase name="Google_Search3" time="2.145" classname="testRunner.TestNG_Demo2"/>
</testsuite> <!-- testRunner.TestNG_Demo2 -->
