<?xml version="1.0" encoding="UTF-8"?>
<!-- Generated by org.testng.reporters.JUnitReportReporter -->
<testsuite skipped="0" hostname="Spicity825" name="testNG_demo.TestNG_Ignore_Demo" tests="2" failures="0" timestamp="12 Apr 2019 07:49:04 GMT" time="0.012" errors="0">
  <testcase name="test2" time="0.001" classname="testNG_demo.TestNG_Ignore_Demo"/>
  <testcase name="test1" time="0.011" classname="testNG_demo.TestNG_Ignore_Demo"/>
</testsuite> <!-- testNG_demo.TestNG_Ignore_Demo -->
