<?xml version="1.0" encoding="UTF-8"?>
<!-- Generated by org.testng.reporters.JUnitReportReporter -->
<testsuite skipped="0" hostname="Spicity825" name="testRunner.Extent_Report_Demo_With_TestNG" tests="1" failures="0" timestamp="09 Apr 2019 11:31:54 GMT" time="2.966" errors="0">
  <testcase name="test1" time="2.966" classname="testRunner.Extent_Report_Demo_With_TestNG"/>
</testsuite> <!-- testRunner.Extent_Report_Demo_With_TestNG -->
