<?xml version="1.0" encoding="UTF-8"?>
<!-- Generated by org.testng.reporters.JUnitReportReporter -->
<testsuite skipped="0" hostname="Spicity825" name="demo.TestNGParametersDemo" tests="1" failures="0" timestamp="12 Apr 2019 07:16:14 GMT" time="0.022" errors="0">
  <testcase name="optional" time="0.022" classname="demo.TestNGParametersDemo"/>
</testsuite> <!-- demo.TestNGParametersDemo -->
